<?xml version="1.0" encoding="UTF-8"?>
<testng-results ignored="0" total="12" passed="11" failed="1" skipped="0">
  <reporter-output>
  </reporter-output>
  <suite started-at="2023-05-18T21:36:19 IST" name="actiTIME Automation Test" finished-at="2023-05-18T21:39:34 IST" duration-ms="194930">
    <groups>
    </groups>
    <test started-at="2023-05-18T21:36:19 IST" name="actiTIME Test Cases" finished-at="2023-05-18T21:39:34 IST" duration-ms="194930">
      <class name="com.testcases.LoginTest">
        <test-method is-config="true" signature="setUp()[pri:0, instance:com.testcases.LoginTest@25084a1e]" started-at="2023-05-18T21:36:19 IST" name="setUp" finished-at="2023-05-18T21:36:30 IST" duration-ms="11127" status="PASS">
          <reporter-output>
          </reporter-output>
        </test-method> <!-- setUp -->
        <test-method signature="loginTitleTest()[pri:1, instance:com.testcases.LoginTest@25084a1e]" started-at="2023-05-18T21:36:30 IST" name="loginTitleTest" finished-at="2023-05-18T21:36:30 IST" duration-ms="34" status="PASS">
          <reporter-output>
          </reporter-output>
        </test-method> <!-- loginTitleTest -->
        <test-method is-config="true" signature="tearDown()[pri:0, instance:com.testcases.LoginTest@25084a1e]" started-at="2023-05-18T21:36:30 IST" name="tearDown" finished-at="2023-05-18T21:36:31 IST" duration-ms="642" status="PASS">
          <reporter-output>
          </reporter-output>
        </test-method> <!-- tearDown -->
        <test-method is-config="true" signature="setUp()[pri:0, instance:com.testcases.LoginTest@25084a1e]" started-at="2023-05-18T21:36:31 IST" name="setUp" finished-at="2023-05-18T21:36:39 IST" duration-ms="7861" status="PASS">
          <reporter-output>
          </reporter-output>
        </test-method> <!-- setUp -->
        <test-method signature="loginTest()[pri:2, instance:com.testcases.LoginTest@25084a1e]" started-at="2023-05-18T21:36:39 IST" name="loginTest" finished-at="2023-05-18T21:36:39 IST" duration-ms="374" status="PASS">
          <reporter-output>
          </reporter-output>
        </test-method> <!-- loginTest -->
        <test-method is-config="true" signature="tearDown()[pri:0, instance:com.testcases.LoginTest@25084a1e]" started-at="2023-05-18T21:36:39 IST" name="tearDown" finished-at="2023-05-18T21:36:40 IST" duration-ms="350" status="PASS">
          <reporter-output>
          </reporter-output>
        </test-method> <!-- tearDown -->
      </class> <!-- com.testcases.LoginTest -->
      <class name="com.testcases.UsersTest">
        <test-method is-config="true" signature="setUp()[pri:0, instance:com.testcases.UsersTest@7c711375]" started-at="2023-05-18T21:38:30 IST" name="setUp" finished-at="2023-05-18T21:38:43 IST" duration-ms="12824" status="PASS">
          <reporter-output>
          </reporter-output>
        </test-method> <!-- setUp -->
        <test-method signature="verifyUsersPageTitleTest()[pri:1, instance:com.testcases.UsersTest@7c711375]" started-at="2023-05-18T21:38:43 IST" name="verifyUsersPageTitleTest" finished-at="2023-05-18T21:38:43 IST" duration-ms="14" status="PASS">
          <reporter-output>
          </reporter-output>
        </test-method> <!-- verifyUsersPageTitleTest -->
        <test-method is-config="true" signature="tearDown()[pri:0, instance:com.testcases.UsersTest@7c711375]" started-at="2023-05-18T21:38:43 IST" name="tearDown" finished-at="2023-05-18T21:38:43 IST" duration-ms="386" status="PASS">
          <reporter-output>
          </reporter-output>
        </test-method> <!-- tearDown -->
      </class> <!-- com.testcases.UsersTest -->
      <class name="com.testcases.HomeTest">
        <test-method is-config="true" signature="setUp()[pri:0, instance:com.testcases.HomeTest@5a56cdac]" started-at="2023-05-18T21:36:40 IST" name="setUp" finished-at="2023-05-18T21:36:49 IST" duration-ms="9265" status="PASS">
          <reporter-output>
          </reporter-output>
        </test-method> <!-- setUp -->
        <test-method signature="verifyPageTitleTest()[pri:1, instance:com.testcases.HomeTest@5a56cdac]" started-at="2023-05-18T21:36:49 IST" name="verifyPageTitleTest" finished-at="2023-05-18T21:36:49 IST" duration-ms="8" status="PASS">
          <reporter-output>
          </reporter-output>
        </test-method> <!-- verifyPageTitleTest -->
        <test-method is-config="true" signature="tearDown()[pri:0, instance:com.testcases.HomeTest@5a56cdac]" started-at="2023-05-18T21:36:49 IST" name="tearDown" finished-at="2023-05-18T21:36:49 IST" duration-ms="294" status="PASS">
          <reporter-output>
          </reporter-output>
        </test-method> <!-- tearDown -->
        <test-method is-config="true" signature="setUp()[pri:0, instance:com.testcases.HomeTest@5a56cdac]" started-at="2023-05-18T21:36:49 IST" name="setUp" finished-at="2023-05-18T21:36:58 IST" duration-ms="9108" status="PASS">
          <reporter-output>
          </reporter-output>
        </test-method> <!-- setUp -->
        <test-method signature="verifyUserNameTest()[pri:2, instance:com.testcases.HomeTest@5a56cdac]" started-at="2023-05-18T21:36:58 IST" name="verifyUserNameTest" finished-at="2023-05-18T21:37:03 IST" duration-ms="5014" status="PASS">
          <reporter-output>
          </reporter-output>
        </test-method> <!-- verifyUserNameTest -->
        <test-method is-config="true" signature="tearDown()[pri:0, instance:com.testcases.HomeTest@5a56cdac]" started-at="2023-05-18T21:37:03 IST" name="tearDown" finished-at="2023-05-18T21:37:04 IST" duration-ms="330" status="PASS">
          <reporter-output>
          </reporter-output>
        </test-method> <!-- tearDown -->
        <test-method is-config="true" signature="setUp()[pri:0, instance:com.testcases.HomeTest@5a56cdac]" started-at="2023-05-18T21:37:04 IST" name="setUp" finished-at="2023-05-18T21:37:11 IST" duration-ms="7616" status="PASS">
          <reporter-output>
          </reporter-output>
        </test-method> <!-- setUp -->
        <test-method signature="verifyTasksLinkTest()[pri:3, instance:com.testcases.HomeTest@5a56cdac]" started-at="2023-05-18T21:37:11 IST" name="verifyTasksLinkTest" finished-at="2023-05-18T21:37:17 IST" duration-ms="5159" status="PASS">
          <reporter-output>
          </reporter-output>
        </test-method> <!-- verifyTasksLinkTest -->
        <test-method is-config="true" signature="tearDown()[pri:0, instance:com.testcases.HomeTest@5a56cdac]" started-at="2023-05-18T21:37:17 IST" name="tearDown" finished-at="2023-05-18T21:37:17 IST" duration-ms="315" status="PASS">
          <reporter-output>
          </reporter-output>
        </test-method> <!-- tearDown -->
        <test-method is-config="true" signature="setUp()[pri:0, instance:com.testcases.HomeTest@5a56cdac]" started-at="2023-05-18T21:37:17 IST" name="setUp" finished-at="2023-05-18T21:37:25 IST" duration-ms="8058" status="PASS">
          <reporter-output>
          </reporter-output>
        </test-method> <!-- setUp -->
        <test-method signature="verifyReportsLinkTest()[pri:4, instance:com.testcases.HomeTest@5a56cdac]" started-at="2023-05-18T21:37:25 IST" name="verifyReportsLinkTest" finished-at="2023-05-18T21:37:33 IST" duration-ms="8483" status="PASS">
          <reporter-output>
          </reporter-output>
        </test-method> <!-- verifyReportsLinkTest -->
        <test-method is-config="true" signature="tearDown()[pri:0, instance:com.testcases.HomeTest@5a56cdac]" started-at="2023-05-18T21:37:33 IST" name="tearDown" finished-at="2023-05-18T21:37:34 IST" duration-ms="381" status="PASS">
          <reporter-output>
          </reporter-output>
        </test-method> <!-- tearDown -->
        <test-method is-config="true" signature="setUp()[pri:0, instance:com.testcases.HomeTest@5a56cdac]" started-at="2023-05-18T21:37:34 IST" name="setUp" finished-at="2023-05-18T21:37:42 IST" duration-ms="8089" status="PASS">
          <reporter-output>
          </reporter-output>
        </test-method> <!-- setUp -->
        <test-method signature="verifyUsersLinkTest()[pri:5, instance:com.testcases.HomeTest@5a56cdac]" started-at="2023-05-18T21:37:42 IST" name="verifyUsersLinkTest" finished-at="2023-05-18T21:37:48 IST" duration-ms="6632" status="PASS">
          <reporter-output>
          </reporter-output>
        </test-method> <!-- verifyUsersLinkTest -->
        <test-method is-config="true" signature="tearDown()[pri:0, instance:com.testcases.HomeTest@5a56cdac]" started-at="2023-05-18T21:37:48 IST" name="tearDown" finished-at="2023-05-18T21:37:49 IST" duration-ms="337" status="PASS">
          <reporter-output>
          </reporter-output>
        </test-method> <!-- tearDown -->
        <test-method is-config="true" signature="setUp()[pri:0, instance:com.testcases.HomeTest@5a56cdac]" started-at="2023-05-18T21:37:49 IST" name="setUp" finished-at="2023-05-18T21:37:57 IST" duration-ms="8022" status="PASS">
          <reporter-output>
          </reporter-output>
        </test-method> <!-- setUp -->
        <test-method signature="verifyScheduleLinkTest()[pri:6, instance:com.testcases.HomeTest@5a56cdac]" started-at="2023-05-18T21:37:57 IST" name="verifyScheduleLinkTest" finished-at="2023-05-18T21:38:14 IST" duration-ms="17371" status="PASS">
          <reporter-output>
          </reporter-output>
        </test-method> <!-- verifyScheduleLinkTest -->
        <test-method is-config="true" signature="tearDown()[pri:0, instance:com.testcases.HomeTest@5a56cdac]" started-at="2023-05-18T21:38:14 IST" name="tearDown" finished-at="2023-05-18T21:38:15 IST" duration-ms="385" status="PASS">
          <reporter-output>
          </reporter-output>
        </test-method> <!-- tearDown -->
        <test-method is-config="true" signature="setUp()[pri:0, instance:com.testcases.HomeTest@5a56cdac]" started-at="2023-05-18T21:38:15 IST" name="setUp" finished-at="2023-05-18T21:38:24 IST" duration-ms="9024" status="PASS">
          <reporter-output>
          </reporter-output>
        </test-method> <!-- setUp -->
        <test-method signature="clickOnApproveTimeTrackLinkTest()[pri:7, instance:com.testcases.HomeTest@5a56cdac]" started-at="2023-05-18T21:38:24 IST" name="clickOnApproveTimeTrackLinkTest" finished-at="2023-05-18T21:38:30 IST" duration-ms="5919" status="PASS">
          <reporter-output>
          </reporter-output>
        </test-method> <!-- clickOnApproveTimeTrackLinkTest -->
        <test-method is-config="true" signature="tearDown()[pri:0, instance:com.testcases.HomeTest@5a56cdac]" started-at="2023-05-18T21:38:30 IST" name="tearDown" finished-at="2023-05-18T21:38:30 IST" duration-ms="382" status="PASS">
          <reporter-output>
          </reporter-output>
        </test-method> <!-- tearDown -->
      </class> <!-- com.testcases.HomeTest -->
      <class name="com.testcases.ApproveTimeTrackTest">
        <test-method is-config="true" signature="setUp()[pri:0, instance:com.testcases.ApproveTimeTrackTest@57cf54e1]" started-at="2023-05-18T21:38:43 IST" name="setUp" finished-at="2023-05-18T21:38:58 IST" duration-ms="15217" status="PASS">
          <reporter-output>
          </reporter-output>
        </test-method> <!-- setUp -->
        <test-method signature="verifyTitleLabel()[pri:1, instance:com.testcases.ApproveTimeTrackTest@57cf54e1]" started-at="2023-05-18T21:38:58 IST" name="verifyTitleLabel" finished-at="2023-05-18T21:38:58 IST" duration-ms="38" status="PASS">
          <reporter-output>
          </reporter-output>
        </test-method> <!-- verifyTitleLabel -->
        <test-method is-config="true" signature="tearDown()[pri:0, instance:com.testcases.ApproveTimeTrackTest@57cf54e1]" started-at="2023-05-18T21:38:58 IST" name="tearDown" finished-at="2023-05-18T21:38:59 IST" duration-ms="374" status="PASS">
          <reporter-output>
          </reporter-output>
        </test-method> <!-- tearDown -->
        <test-method is-config="true" signature="setUp()[pri:0, instance:com.testcases.ApproveTimeTrackTest@57cf54e1]" started-at="2023-05-18T21:38:59 IST" name="setUp" finished-at="2023-05-18T21:39:14 IST" duration-ms="14909" status="PASS">
          <reporter-output>
          </reporter-output>
        </test-method> <!-- setUp -->
        <test-method signature="selectTimeStatusTest()[pri:2, instance:com.testcases.ApproveTimeTrackTest@57cf54e1]" started-at="2023-05-18T21:39:14 IST" name="selectTimeStatusTest" finished-at="2023-05-18T21:39:34 IST" duration-ms="20107" status="FAIL">
          <exception class="org.openqa.selenium.ElementNotInteractableException">
            <message>
              <![CDATA[element not interactable
  (Session info: chrome=113.0.5672.94)
Build info: version: '4.9.1', revision: 'eb2032df7f'
System info: os.name: 'Windows 10', os.arch: 'amd64', os.version: '10.0', java.version: '16.0.1'
Driver info: org.openqa.selenium.chrome.ChromeDriver
Command: [77d549d681a3183835714d73c744a7f4, clickElement {id=e66b2a08-379e-4769-b266-5b7461ac6aee}]
Capabilities {acceptInsecureCerts: false, browserName: chrome, browserVersion: 113.0.5672.94, chrome: {chromedriverVersion: 112.0.5615.49 (bd2a7bcb881c..., userDataDir: C:\Users\Lenovo\AppData\Loc...}, goog:chromeOptions: {debuggerAddress: localhost:61454}, networkConnectionEnabled: false, pageLoadStrategy: normal, platformName: windows, proxy: Proxy(), se:cdp: ws://localhost:61454/devtoo..., se:cdpVersion: 113.0.5672.94, setWindowRect: true, strictFileInteractability: false, timeouts: {implicit: 0, pageLoad: 300000, script: 30000}, unhandledPromptBehavior: dismiss and notify, webauthn:extension:credBlob: true, webauthn:extension:largeBlob: true, webauthn:extension:minPinLength: true, webauthn:extension:prf: true, webauthn:virtualAuthenticators: true}
Element: [[ChromeDriver: chrome on windows (77d549d681a3183835714d73c744a7f4)] -> xpath: //table//input[@type='checkbox']]
Session ID: 77d549d681a3183835714d73c744a7f4]]>
            </message>
            <full-stacktrace>
              <![CDATA[org.openqa.selenium.ElementNotInteractableException: element not interactable
  (Session info: chrome=113.0.5672.94)
Build info: version: '4.9.1', revision: 'eb2032df7f'
System info: os.name: 'Windows 10', os.arch: 'amd64', os.version: '10.0', java.version: '16.0.1'
Driver info: org.openqa.selenium.chrome.ChromeDriver
Command: [77d549d681a3183835714d73c744a7f4, clickElement {id=e66b2a08-379e-4769-b266-5b7461ac6aee}]
Capabilities {acceptInsecureCerts: false, browserName: chrome, browserVersion: 113.0.5672.94, chrome: {chromedriverVersion: 112.0.5615.49 (bd2a7bcb881c..., userDataDir: C:\Users\Lenovo\AppData\Loc...}, goog:chromeOptions: {debuggerAddress: localhost:61454}, networkConnectionEnabled: false, pageLoadStrategy: normal, platformName: windows, proxy: Proxy(), se:cdp: ws://localhost:61454/devtoo..., se:cdpVersion: 113.0.5672.94, setWindowRect: true, strictFileInteractability: false, timeouts: {implicit: 0, pageLoad: 300000, script: 30000}, unhandledPromptBehavior: dismiss and notify, webauthn:extension:credBlob: true, webauthn:extension:largeBlob: true, webauthn:extension:minPinLength: true, webauthn:extension:prf: true, webauthn:virtualAuthenticators: true}
Element: [[ChromeDriver: chrome on windows (77d549d681a3183835714d73c744a7f4)] -> xpath: //table//input[@type='checkbox']]
Session ID: 77d549d681a3183835714d73c744a7f4
at java.base/jdk.internal.reflect.NativeConstructorAccessorImpl.newInstance0(Native Method)
at java.base/jdk.internal.reflect.NativeConstructorAccessorImpl.newInstance(NativeConstructorAccessorImpl.java:78)
at java.base/jdk.internal.reflect.DelegatingConstructorAccessorImpl.newInstance(DelegatingConstructorAccessorImpl.java:45)
at java.base/java.lang.reflect.Constructor.newInstanceWithCaller(Constructor.java:499)
at java.base/java.lang.reflect.Constructor.newInstance(Constructor.java:480)
at org.openqa.selenium.remote.codec.w3c.W3CHttpResponseCodec.createException(W3CHttpResponseCodec.java:200)
at org.openqa.selenium.remote.codec.w3c.W3CHttpResponseCodec.decode(W3CHttpResponseCodec.java:133)
at org.openqa.selenium.remote.codec.w3c.W3CHttpResponseCodec.decode(W3CHttpResponseCodec.java:53)
at org.openqa.selenium.remote.HttpCommandExecutor.execute(HttpCommandExecutor.java:193)
at org.openqa.selenium.remote.service.DriverCommandExecutor.invokeExecute(DriverCommandExecutor.java:183)
at org.openqa.selenium.remote.service.DriverCommandExecutor.execute(DriverCommandExecutor.java:158)
at org.openqa.selenium.remote.RemoteWebDriver.execute(RemoteWebDriver.java:543)
at org.openqa.selenium.remote.RemoteWebElement.execute(RemoteWebElement.java:257)
at org.openqa.selenium.remote.RemoteWebElement.click(RemoteWebElement.java:78)
at com.pages.ApproveTimeTrack.selectTimeStatus(ApproveTimeTrack.java:30)
at com.testcases.ApproveTimeTrackTest.selectTimeStatusTest(ApproveTimeTrackTest.java:38)
at java.base/jdk.internal.reflect.NativeMethodAccessorImpl.invoke0(Native Method)
at java.base/jdk.internal.reflect.NativeMethodAccessorImpl.invoke(NativeMethodAccessorImpl.java:78)
at java.base/jdk.internal.reflect.DelegatingMethodAccessorImpl.invoke(DelegatingMethodAccessorImpl.java:43)
at java.base/java.lang.reflect.Method.invoke(Method.java:567)
at org.testng.internal.MethodInvocationHelper.invokeMethod(MethodInvocationHelper.java:133)
at org.testng.internal.TestInvoker.invokeMethod(TestInvoker.java:598)
at org.testng.internal.TestInvoker.invokeTestMethod(TestInvoker.java:173)
at org.testng.internal.MethodRunner.runInSequence(MethodRunner.java:46)
at org.testng.internal.TestInvoker$MethodInvocationAgent.invoke(TestInvoker.java:824)
at org.testng.internal.TestInvoker.invokeTestMethods(TestInvoker.java:146)
at org.testng.internal.TestMethodWorker.invokeTestMethods(TestMethodWorker.java:146)
at org.testng.internal.TestMethodWorker.run(TestMethodWorker.java:128)
at java.base/java.util.ArrayList.forEach(ArrayList.java:1511)
at org.testng.TestRunner.privateRun(TestRunner.java:794)
at org.testng.TestRunner.run(TestRunner.java:596)
at org.testng.SuiteRunner.runTest(SuiteRunner.java:377)
at org.testng.SuiteRunner.runSequentially(SuiteRunner.java:371)
at org.testng.SuiteRunner.privateRun(SuiteRunner.java:332)
at org.testng.SuiteRunner.run(SuiteRunner.java:276)
at org.testng.SuiteRunnerWorker.runSuite(SuiteRunnerWorker.java:53)
at org.testng.SuiteRunnerWorker.run(SuiteRunnerWorker.java:96)
at org.testng.TestNG.runSuitesSequentially(TestNG.java:1212)
at org.testng.TestNG.runSuitesLocally(TestNG.java:1134)
at org.testng.TestNG.runSuites(TestNG.java:1063)
at org.testng.TestNG.run(TestNG.java:1031)
at org.testng.remote.AbstractRemoteTestNG.run(AbstractRemoteTestNG.java:115)
at org.testng.remote.RemoteTestNG.initAndRun(RemoteTestNG.java:251)
at org.testng.remote.RemoteTestNG.main(RemoteTestNG.java:77)
]]>
            </full-stacktrace>
          </exception> <!-- org.openqa.selenium.ElementNotInteractableException -->
          <reporter-output>
          </reporter-output>
        </test-method> <!-- selectTimeStatusTest -->
        <test-method is-config="true" signature="tearDown()[pri:0, instance:com.testcases.ApproveTimeTrackTest@57cf54e1]" started-at="2023-05-18T21:39:34 IST" name="tearDown" finished-at="2023-05-18T21:39:34 IST" duration-ms="375" status="PASS">
          <reporter-output>
          </reporter-output>
        </test-method> <!-- tearDown -->
      </class> <!-- com.testcases.ApproveTimeTrackTest -->
    </test> <!-- actiTIME Test Cases -->
  </suite> <!-- actiTIME Automation Test -->
</testng-results>
