<?xml version="1.0" encoding="UTF-8"?>
<testng-results ignored="0" total="12" passed="11" failed="1" skipped="0">
  <reporter-output>
  </reporter-output>
  <suite started-at="2023-05-19T14:45:16 IST" name="actiTIME Automation Test" finished-at="2023-05-19T14:48:29 IST" duration-ms="193159">
    <groups>
    </groups>
    <test started-at="2023-05-19T14:45:16 IST" name="actiTIME Test Cases" finished-at="2023-05-19T14:48:29 IST" duration-ms="193159">
      <class name="com.testcases.LoginTest">
        <test-method is-config="true" signature="setUp()[pri:0, instance:com.testcases.LoginTest@28f2a10f]" started-at="2023-05-19T14:45:16 IST" name="setUp" finished-at="2023-05-19T14:45:26 IST" duration-ms="10450" status="PASS">
          <reporter-output>
          </reporter-output>
        </test-method> <!-- setUp -->
        <test-method signature="loginTitleTest()[pri:1, instance:com.testcases.LoginTest@28f2a10f]" started-at="2023-05-19T14:45:26 IST" name="loginTitleTest" finished-at="2023-05-19T14:45:26 IST" duration-ms="32" status="PASS">
          <reporter-output>
          </reporter-output>
        </test-method> <!-- loginTitleTest -->
        <test-method is-config="true" signature="tearDown()[pri:0, instance:com.testcases.LoginTest@28f2a10f]" started-at="2023-05-19T14:45:26 IST" name="tearDown" finished-at="2023-05-19T14:45:27 IST" duration-ms="699" status="PASS">
          <reporter-output>
          </reporter-output>
        </test-method> <!-- tearDown -->
        <test-method is-config="true" signature="setUp()[pri:0, instance:com.testcases.LoginTest@28f2a10f]" started-at="2023-05-19T14:45:27 IST" name="setUp" finished-at="2023-05-19T14:45:35 IST" duration-ms="7812" status="PASS">
          <reporter-output>
          </reporter-output>
        </test-method> <!-- setUp -->
        <test-method signature="loginTest()[pri:2, instance:com.testcases.LoginTest@28f2a10f]" started-at="2023-05-19T14:45:35 IST" name="loginTest" finished-at="2023-05-19T14:45:35 IST" duration-ms="407" status="PASS">
          <reporter-output>
          </reporter-output>
        </test-method> <!-- loginTest -->
        <test-method is-config="true" signature="tearDown()[pri:0, instance:com.testcases.LoginTest@28f2a10f]" started-at="2023-05-19T14:45:35 IST" name="tearDown" finished-at="2023-05-19T14:45:36 IST" duration-ms="478" status="PASS">
          <reporter-output>
          </reporter-output>
        </test-method> <!-- tearDown -->
      </class> <!-- com.testcases.LoginTest -->
      <class name="com.testcases.UsersTest">
        <test-method is-config="true" signature="setUp()[pri:0, instance:com.testcases.UsersTest@ffaa6af]" started-at="2023-05-19T14:47:23 IST" name="setUp" finished-at="2023-05-19T14:47:37 IST" duration-ms="13802" status="PASS">
          <reporter-output>
          </reporter-output>
        </test-method> <!-- setUp -->
        <test-method signature="verifyUsersPageTitleTest()[pri:1, instance:com.testcases.UsersTest@ffaa6af]" started-at="2023-05-19T14:47:37 IST" name="verifyUsersPageTitleTest" finished-at="2023-05-19T14:47:37 IST" duration-ms="15" status="PASS">
          <reporter-output>
          </reporter-output>
        </test-method> <!-- verifyUsersPageTitleTest -->
        <test-method is-config="true" signature="tearDown()[pri:0, instance:com.testcases.UsersTest@ffaa6af]" started-at="2023-05-19T14:47:37 IST" name="tearDown" finished-at="2023-05-19T14:47:37 IST" duration-ms="375" status="PASS">
          <reporter-output>
          </reporter-output>
        </test-method> <!-- tearDown -->
      </class> <!-- com.testcases.UsersTest -->
      <class name="com.testcases.HomeTest">
        <test-method is-config="true" signature="setUp()[pri:0, instance:com.testcases.HomeTest@4803b726]" started-at="2023-05-19T14:45:36 IST" name="setUp" finished-at="2023-05-19T14:45:44 IST" duration-ms="7871" status="PASS">
          <reporter-output>
          </reporter-output>
        </test-method> <!-- setUp -->
        <test-method signature="verifyPageTitleTest()[pri:1, instance:com.testcases.HomeTest@4803b726]" started-at="2023-05-19T14:45:44 IST" name="verifyPageTitleTest" finished-at="2023-05-19T14:45:44 IST" duration-ms="11" status="PASS">
          <reporter-output>
          </reporter-output>
        </test-method> <!-- verifyPageTitleTest -->
        <test-method is-config="true" signature="tearDown()[pri:0, instance:com.testcases.HomeTest@4803b726]" started-at="2023-05-19T14:45:44 IST" name="tearDown" finished-at="2023-05-19T14:45:44 IST" duration-ms="389" status="PASS">
          <reporter-output>
          </reporter-output>
        </test-method> <!-- tearDown -->
        <test-method is-config="true" signature="setUp()[pri:0, instance:com.testcases.HomeTest@4803b726]" started-at="2023-05-19T14:45:44 IST" name="setUp" finished-at="2023-05-19T14:45:53 IST" duration-ms="9017" status="PASS">
          <reporter-output>
          </reporter-output>
        </test-method> <!-- setUp -->
        <test-method signature="verifyUserNameTest()[pri:2, instance:com.testcases.HomeTest@4803b726]" started-at="2023-05-19T14:45:53 IST" name="verifyUserNameTest" finished-at="2023-05-19T14:45:56 IST" duration-ms="3563" status="PASS">
          <reporter-output>
          </reporter-output>
        </test-method> <!-- verifyUserNameTest -->
        <test-method is-config="true" signature="tearDown()[pri:0, instance:com.testcases.HomeTest@4803b726]" started-at="2023-05-19T14:45:56 IST" name="tearDown" finished-at="2023-05-19T14:45:57 IST" duration-ms="352" status="PASS">
          <reporter-output>
          </reporter-output>
        </test-method> <!-- tearDown -->
        <test-method is-config="true" signature="setUp()[pri:0, instance:com.testcases.HomeTest@4803b726]" started-at="2023-05-19T14:45:57 IST" name="setUp" finished-at="2023-05-19T14:46:05 IST" duration-ms="8618" status="PASS">
          <reporter-output>
          </reporter-output>
        </test-method> <!-- setUp -->
        <test-method signature="verifyTasksLinkTest()[pri:3, instance:com.testcases.HomeTest@4803b726]" started-at="2023-05-19T14:46:05 IST" name="verifyTasksLinkTest" finished-at="2023-05-19T14:46:12 IST" duration-ms="6661" status="PASS">
          <reporter-output>
          </reporter-output>
        </test-method> <!-- verifyTasksLinkTest -->
        <test-method is-config="true" signature="tearDown()[pri:0, instance:com.testcases.HomeTest@4803b726]" started-at="2023-05-19T14:46:12 IST" name="tearDown" finished-at="2023-05-19T14:46:13 IST" duration-ms="455" status="PASS">
          <reporter-output>
          </reporter-output>
        </test-method> <!-- tearDown -->
        <test-method is-config="true" signature="setUp()[pri:0, instance:com.testcases.HomeTest@4803b726]" started-at="2023-05-19T14:46:13 IST" name="setUp" finished-at="2023-05-19T14:46:21 IST" duration-ms="8161" status="PASS">
          <reporter-output>
          </reporter-output>
        </test-method> <!-- setUp -->
        <test-method signature="verifyReportsLinkTest()[pri:4, instance:com.testcases.HomeTest@4803b726]" started-at="2023-05-19T14:46:21 IST" name="verifyReportsLinkTest" finished-at="2023-05-19T14:46:29 IST" duration-ms="8339" status="PASS">
          <reporter-output>
          </reporter-output>
        </test-method> <!-- verifyReportsLinkTest -->
        <test-method is-config="true" signature="tearDown()[pri:0, instance:com.testcases.HomeTest@4803b726]" started-at="2023-05-19T14:46:29 IST" name="tearDown" finished-at="2023-05-19T14:46:29 IST" duration-ms="373" status="PASS">
          <reporter-output>
          </reporter-output>
        </test-method> <!-- tearDown -->
        <test-method is-config="true" signature="setUp()[pri:0, instance:com.testcases.HomeTest@4803b726]" started-at="2023-05-19T14:46:29 IST" name="setUp" finished-at="2023-05-19T14:46:38 IST" duration-ms="8249" status="PASS">
          <reporter-output>
          </reporter-output>
        </test-method> <!-- setUp -->
        <test-method signature="verifyUsersLinkTest()[pri:5, instance:com.testcases.HomeTest@4803b726]" started-at="2023-05-19T14:46:38 IST" name="verifyUsersLinkTest" finished-at="2023-05-19T14:46:45 IST" duration-ms="7332" status="PASS">
          <reporter-output>
          </reporter-output>
        </test-method> <!-- verifyUsersLinkTest -->
        <test-method is-config="true" signature="tearDown()[pri:0, instance:com.testcases.HomeTest@4803b726]" started-at="2023-05-19T14:46:45 IST" name="tearDown" finished-at="2023-05-19T14:46:45 IST" duration-ms="384" status="PASS">
          <reporter-output>
          </reporter-output>
        </test-method> <!-- tearDown -->
        <test-method is-config="true" signature="setUp()[pri:0, instance:com.testcases.HomeTest@4803b726]" started-at="2023-05-19T14:46:45 IST" name="setUp" finished-at="2023-05-19T14:46:54 IST" duration-ms="8205" status="PASS">
          <reporter-output>
          </reporter-output>
        </test-method> <!-- setUp -->
        <test-method signature="verifyScheduleLinkTest()[pri:6, instance:com.testcases.HomeTest@4803b726]" started-at="2023-05-19T14:46:54 IST" name="verifyScheduleLinkTest" finished-at="2023-05-19T14:47:07 IST" duration-ms="12923" status="PASS">
          <reporter-output>
          </reporter-output>
        </test-method> <!-- verifyScheduleLinkTest -->
        <test-method is-config="true" signature="tearDown()[pri:0, instance:com.testcases.HomeTest@4803b726]" started-at="2023-05-19T14:47:07 IST" name="tearDown" finished-at="2023-05-19T14:47:07 IST" duration-ms="372" status="PASS">
          <reporter-output>
          </reporter-output>
        </test-method> <!-- tearDown -->
        <test-method is-config="true" signature="setUp()[pri:0, instance:com.testcases.HomeTest@4803b726]" started-at="2023-05-19T14:47:07 IST" name="setUp" finished-at="2023-05-19T14:47:15 IST" duration-ms="8526" status="PASS">
          <reporter-output>
          </reporter-output>
        </test-method> <!-- setUp -->
        <test-method signature="clickOnApproveTimeTrackLinkTest()[pri:7, instance:com.testcases.HomeTest@4803b726]" started-at="2023-05-19T14:47:15 IST" name="clickOnApproveTimeTrackLinkTest" finished-at="2023-05-19T14:47:22 IST" duration-ms="6909" status="PASS">
          <reporter-output>
          </reporter-output>
        </test-method> <!-- clickOnApproveTimeTrackLinkTest -->
        <test-method is-config="true" signature="tearDown()[pri:0, instance:com.testcases.HomeTest@4803b726]" started-at="2023-05-19T14:47:22 IST" name="tearDown" finished-at="2023-05-19T14:47:23 IST" duration-ms="327" status="PASS">
          <reporter-output>
          </reporter-output>
        </test-method> <!-- tearDown -->
      </class> <!-- com.testcases.HomeTest -->
      <class name="com.testcases.ApproveTimeTrackTest">
        <test-method is-config="true" signature="setUp()[pri:0, instance:com.testcases.ApproveTimeTrackTest@53ce1329]" started-at="2023-05-19T14:47:37 IST" name="setUp" finished-at="2023-05-19T14:47:52 IST" duration-ms="15541" status="PASS">
          <reporter-output>
          </reporter-output>
        </test-method> <!-- setUp -->
        <test-method signature="verifyTitleLabel()[pri:1, instance:com.testcases.ApproveTimeTrackTest@53ce1329]" started-at="2023-05-19T14:47:52 IST" name="verifyTitleLabel" finished-at="2023-05-19T14:47:52 IST" duration-ms="52" status="PASS">
          <reporter-output>
          </reporter-output>
        </test-method> <!-- verifyTitleLabel -->
        <test-method is-config="true" signature="tearDown()[pri:0, instance:com.testcases.ApproveTimeTrackTest@53ce1329]" started-at="2023-05-19T14:47:52 IST" name="tearDown" finished-at="2023-05-19T14:47:53 IST" duration-ms="317" status="PASS">
          <reporter-output>
          </reporter-output>
        </test-method> <!-- tearDown -->
        <test-method is-config="true" signature="setUp()[pri:0, instance:com.testcases.ApproveTimeTrackTest@53ce1329]" started-at="2023-05-19T14:47:53 IST" name="setUp" finished-at="2023-05-19T14:48:08 IST" duration-ms="15389" status="PASS">
          <reporter-output>
          </reporter-output>
        </test-method> <!-- setUp -->
        <test-method signature="selectTimeStatusTest()[pri:2, instance:com.testcases.ApproveTimeTrackTest@53ce1329]" started-at="2023-05-19T14:48:08 IST" name="selectTimeStatusTest" finished-at="2023-05-19T14:48:28 IST" duration-ms="20125" status="FAIL">
          <exception class="org.openqa.selenium.ElementNotInteractableException">
            <message>
              <![CDATA[element not interactable
  (Session info: chrome=113.0.5672.127)
Build info: version: '4.9.1', revision: 'eb2032df7f'
System info: os.name: 'Windows 10', os.arch: 'amd64', os.version: '10.0', java.version: '16.0.1'
Driver info: org.openqa.selenium.chrome.ChromeDriver
Command: [3ced19146d3bf9da747aa2e0ef3fe3b7, clickElement {id=9597c28c-9969-4170-8dd3-a917132ee254}]
Capabilities {acceptInsecureCerts: false, browserName: chrome, browserVersion: 113.0.5672.127, chrome: {chromedriverVersion: 112.0.5615.49 (bd2a7bcb881c..., userDataDir: C:\Users\Lenovo\AppData\Loc...}, goog:chromeOptions: {debuggerAddress: localhost:60603}, networkConnectionEnabled: false, pageLoadStrategy: normal, platformName: windows, proxy: Proxy(), se:cdp: ws://localhost:60603/devtoo..., se:cdpVersion: 113.0.5672.127, setWindowRect: true, strictFileInteractability: false, timeouts: {implicit: 0, pageLoad: 300000, script: 30000}, unhandledPromptBehavior: dismiss and notify, webauthn:extension:credBlob: true, webauthn:extension:largeBlob: true, webauthn:extension:minPinLength: true, webauthn:extension:prf: true, webauthn:virtualAuthenticators: true}
Element: [[ChromeDriver: chrome on windows (3ced19146d3bf9da747aa2e0ef3fe3b7)] -> xpath: //table//input[@type='checkbox']]
Session ID: 3ced19146d3bf9da747aa2e0ef3fe3b7]]>
            </message>
            <full-stacktrace>
              <![CDATA[org.openqa.selenium.ElementNotInteractableException: element not interactable
  (Session info: chrome=113.0.5672.127)
Build info: version: '4.9.1', revision: 'eb2032df7f'
System info: os.name: 'Windows 10', os.arch: 'amd64', os.version: '10.0', java.version: '16.0.1'
Driver info: org.openqa.selenium.chrome.ChromeDriver
Command: [3ced19146d3bf9da747aa2e0ef3fe3b7, clickElement {id=9597c28c-9969-4170-8dd3-a917132ee254}]
Capabilities {acceptInsecureCerts: false, browserName: chrome, browserVersion: 113.0.5672.127, chrome: {chromedriverVersion: 112.0.5615.49 (bd2a7bcb881c..., userDataDir: C:\Users\Lenovo\AppData\Loc...}, goog:chromeOptions: {debuggerAddress: localhost:60603}, networkConnectionEnabled: false, pageLoadStrategy: normal, platformName: windows, proxy: Proxy(), se:cdp: ws://localhost:60603/devtoo..., se:cdpVersion: 113.0.5672.127, setWindowRect: true, strictFileInteractability: false, timeouts: {implicit: 0, pageLoad: 300000, script: 30000}, unhandledPromptBehavior: dismiss and notify, webauthn:extension:credBlob: true, webauthn:extension:largeBlob: true, webauthn:extension:minPinLength: true, webauthn:extension:prf: true, webauthn:virtualAuthenticators: true}
Element: [[ChromeDriver: chrome on windows (3ced19146d3bf9da747aa2e0ef3fe3b7)] -> xpath: //table//input[@type='checkbox']]
Session ID: 3ced19146d3bf9da747aa2e0ef3fe3b7
at java.base/jdk.internal.reflect.NativeConstructorAccessorImpl.newInstance0(Native Method)
at java.base/jdk.internal.reflect.NativeConstructorAccessorImpl.newInstance(NativeConstructorAccessorImpl.java:78)
at java.base/jdk.internal.reflect.DelegatingConstructorAccessorImpl.newInstance(DelegatingConstructorAccessorImpl.java:45)
at java.base/java.lang.reflect.Constructor.newInstanceWithCaller(Constructor.java:499)
at java.base/java.lang.reflect.Constructor.newInstance(Constructor.java:480)
at org.openqa.selenium.remote.codec.w3c.W3CHttpResponseCodec.createException(W3CHttpResponseCodec.java:200)
at org.openqa.selenium.remote.codec.w3c.W3CHttpResponseCodec.decode(W3CHttpResponseCodec.java:133)
at org.openqa.selenium.remote.codec.w3c.W3CHttpResponseCodec.decode(W3CHttpResponseCodec.java:53)
at org.openqa.selenium.remote.HttpCommandExecutor.execute(HttpCommandExecutor.java:193)
at org.openqa.selenium.remote.service.DriverCommandExecutor.invokeExecute(DriverCommandExecutor.java:183)
at org.openqa.selenium.remote.service.DriverCommandExecutor.execute(DriverCommandExecutor.java:158)
at org.openqa.selenium.remote.RemoteWebDriver.execute(RemoteWebDriver.java:543)
at org.openqa.selenium.remote.RemoteWebElement.execute(RemoteWebElement.java:257)
at org.openqa.selenium.remote.RemoteWebElement.click(RemoteWebElement.java:78)
at com.pages.ApproveTimeTrack.selectTimeStatus(ApproveTimeTrack.java:39)
at com.testcases.ApproveTimeTrackTest.selectTimeStatusTest(ApproveTimeTrackTest.java:38)
at java.base/jdk.internal.reflect.NativeMethodAccessorImpl.invoke0(Native Method)
at java.base/jdk.internal.reflect.NativeMethodAccessorImpl.invoke(NativeMethodAccessorImpl.java:78)
at java.base/jdk.internal.reflect.DelegatingMethodAccessorImpl.invoke(DelegatingMethodAccessorImpl.java:43)
at java.base/java.lang.reflect.Method.invoke(Method.java:567)
at org.testng.internal.MethodInvocationHelper.invokeMethod(MethodInvocationHelper.java:133)
at org.testng.internal.TestInvoker.invokeMethod(TestInvoker.java:598)
at org.testng.internal.TestInvoker.invokeTestMethod(TestInvoker.java:173)
at org.testng.internal.MethodRunner.runInSequence(MethodRunner.java:46)
at org.testng.internal.TestInvoker$MethodInvocationAgent.invoke(TestInvoker.java:824)
at org.testng.internal.TestInvoker.invokeTestMethods(TestInvoker.java:146)
at org.testng.internal.TestMethodWorker.invokeTestMethods(TestMethodWorker.java:146)
at org.testng.internal.TestMethodWorker.run(TestMethodWorker.java:128)
at java.base/java.util.ArrayList.forEach(ArrayList.java:1511)
at org.testng.TestRunner.privateRun(TestRunner.java:794)
at org.testng.TestRunner.run(TestRunner.java:596)
at org.testng.SuiteRunner.runTest(SuiteRunner.java:377)
at org.testng.SuiteRunner.runSequentially(SuiteRunner.java:371)
at org.testng.SuiteRunner.privateRun(SuiteRunner.java:332)
at org.testng.SuiteRunner.run(SuiteRunner.java:276)
at org.testng.SuiteRunnerWorker.runSuite(SuiteRunnerWorker.java:53)
at org.testng.SuiteRunnerWorker.run(SuiteRunnerWorker.java:96)
at org.testng.TestNG.runSuitesSequentially(TestNG.java:1212)
at org.testng.TestNG.runSuitesLocally(TestNG.java:1134)
at org.testng.TestNG.runSuites(TestNG.java:1063)
at org.testng.TestNG.run(TestNG.java:1031)
at org.testng.remote.AbstractRemoteTestNG.run(AbstractRemoteTestNG.java:115)
at org.testng.remote.RemoteTestNG.initAndRun(RemoteTestNG.java:251)
at org.testng.remote.RemoteTestNG.main(RemoteTestNG.java:77)
]]>
            </full-stacktrace>
          </exception> <!-- org.openqa.selenium.ElementNotInteractableException -->
          <reporter-output>
          </reporter-output>
        </test-method> <!-- selectTimeStatusTest -->
        <test-method is-config="true" signature="tearDown()[pri:0, instance:com.testcases.ApproveTimeTrackTest@53ce1329]" started-at="2023-05-19T14:48:28 IST" name="tearDown" finished-at="2023-05-19T14:48:29 IST" duration-ms="515" status="PASS">
          <reporter-output>
          </reporter-output>
        </test-method> <!-- tearDown -->
      </class> <!-- com.testcases.ApproveTimeTrackTest -->
    </test> <!-- actiTIME Test Cases -->
  </suite> <!-- actiTIME Automation Test -->
</testng-results>
